2015-05-30 13:09:20 [ main ] FrameworkServlet 'simple': initialization started
2015-05-30 13:09:20 [ main ] Refreshing WebApplicationContext for namespace 'simple-servlet': startup date [Sat May 30 13:09:20 CST 2015]; root of context hierarchy
2015-05-30 13:09:20 [ main ] Loading XML bean definitions from ServletContext resource [/WEB-INF/simple-servlet.xml]
2015-05-30 13:09:22 [ main ] JSR-330 'javax.inject.Inject' annotation found and supported for autowiring
2015-05-30 13:09:22 [ main ] Mapped URL path [/index] onto handler 'mainController'
2015-05-30 13:09:22 [ main ] Mapped URL path [/index.*] onto handler 'mainController'
2015-05-30 13:09:22 [ main ] Mapped URL path [/index/] onto handler 'mainController'
2015-05-30 13:09:22 [ main ] Mapped URL path [/themes/**] onto handler 'org.springframework.web.servlet.resource.ResourceHttpRequestHandler#0'
2015-05-30 13:09:22 [ main ] Mapped URL path [/scripts/**] onto handler 'org.springframework.web.servlet.resource.ResourceHttpRequestHandler#1'
2015-05-30 13:09:22 [ main ] Mapped URL path [/styles/**] onto handler 'org.springframework.web.servlet.resource.ResourceHttpRequestHandler#2'
2015-05-30 13:09:22 [ main ] Mapped URL path [/images/**] onto handler 'org.springframework.web.servlet.resource.ResourceHttpRequestHandler#3'
2015-05-30 13:09:22 [ main ] Mapped URL path [/**] onto handler 'org.springframework.web.servlet.resource.DefaultServletHttpRequestHandler#0'
2015-05-30 13:09:22 [ main ] FrameworkServlet 'simple': initialization completed in 2189 ms
2015-05-30 13:10:20 [ Timer-1 ] Closing WebApplicationContext for namespace 'simple-servlet': startup date [Sat May 30 13:09:20 CST 2015]; root of context hierarchy
2015-05-30 13:10:20 [ Timer-1 ] FrameworkServlet 'simple': initialization started
2015-05-30 13:10:20 [ Timer-1 ] Refreshing WebApplicationContext for namespace 'simple-servlet': startup date [Sat May 30 13:10:20 CST 2015]; root of context hierarchy
2015-05-30 13:10:20 [ Timer-1 ] Loading XML bean definitions from ServletContext resource [/WEB-INF/simple-servlet.xml]
2015-05-30 13:10:21 [ Timer-1 ] JSR-330 'javax.inject.Inject' annotation found and supported for autowiring
2015-05-30 13:10:21 [ Timer-1 ] Context initialization failed
org.springframework.beans.factory.CannotLoadBeanClassException: Error loading class [com.simple.app.controller.MainController] for bean with name 'mainController' defined in file [F:\workspace\myblog\target\classes\com\simple\app\controller\MainController.class]: problem with class file or dependent class; nested exception is java.lang.UnsupportedClassVersionError: com/simple/app/controller/MainController : Unsupported major.minor version 51.0
	at org.springframework.beans.factory.support.AbstractBeanFactory.resolveBeanClass(AbstractBeanFactory.java:1330)
	at org.springframework.beans.factory.support.AbstractAutowireCapableBeanFactory.predictBeanType(AbstractAutowireCapableBeanFactory.java:594)
	at org.springframework.beans.factory.support.AbstractBeanFactory.isFactoryBean(AbstractBeanFactory.java:1396)
	at org.springframework.beans.factory.support.AbstractBeanFactory.isFactoryBean(AbstractBeanFactory.java:959)
	at org.springframework.beans.factory.support.DefaultListableBeanFactory.preInstantiateSingletons(DefaultListableBeanFactory.java:683)
	at org.springframework.context.support.AbstractApplicationContext.finishBeanFactoryInitialization(AbstractApplicationContext.java:760)
	at org.springframework.context.support.AbstractApplicationContext.refresh(AbstractApplicationContext.java:482)
	at org.springframework.web.servlet.FrameworkServlet.configureAndRefreshWebApplicationContext(FrameworkServlet.java:658)
	at org.springframework.web.servlet.FrameworkServlet.createWebApplicationContext(FrameworkServlet.java:624)
	at org.springframework.web.servlet.FrameworkServlet.createWebApplicationContext(FrameworkServlet.java:672)
	at org.springframework.web.servlet.FrameworkServlet.initWebApplicationContext(FrameworkServlet.java:543)
	at org.springframework.web.servlet.FrameworkServlet.initServletBean(FrameworkServlet.java:484)
	at org.springframework.web.servlet.HttpServletBean.init(HttpServletBean.java:136)
	at javax.servlet.GenericServlet.init(GenericServlet.java:241)
	at org.mortbay.jetty.servlet.ServletHolder.initServlet(ServletHolder.java:440)
	at org.mortbay.jetty.servlet.ServletHolder.doStart(ServletHolder.java:263)
	at org.mortbay.component.AbstractLifeCycle.start(AbstractLifeCycle.java:50)
	at org.mortbay.jetty.servlet.ServletHandler.initialize(ServletHandler.java:736)
	at org.mortbay.jetty.servlet.Context.startContext(Context.java:140)
	at org.mortbay.jetty.webapp.WebAppContext.startContext(WebAppContext.java:1282)
	at org.mortbay.jetty.handler.ContextHandler.doStart(ContextHandler.java:518)
	at org.mortbay.jetty.webapp.WebAppContext.doStart(WebAppContext.java:499)
	at org.mortbay.jetty.plugin.Jetty6PluginWebAppContext.doStart(Jetty6PluginWebAppContext.java:115)
	at org.mortbay.component.AbstractLifeCycle.start(AbstractLifeCycle.java:50)
	at org.mortbay.jetty.plugin.AbstractJettyRunMojo.restartWebApp(AbstractJettyRunMojo.java:458)
	at org.mortbay.jetty.plugin.AbstractJettyRunMojo$1.filesChanged(AbstractJettyRunMojo.java:419)
	at org.mortbay.util.Scanner.reportBulkChanges(Scanner.java:486)
	at org.mortbay.util.Scanner.reportDifferences(Scanner.java:352)
	at org.mortbay.util.Scanner.scan(Scanner.java:280)
	at org.mortbay.util.Scanner$1.run(Scanner.java:232)
	at java.util.TimerThread.mainLoop(Timer.java:512)
	at java.util.TimerThread.run(Timer.java:462)
Caused by: java.lang.UnsupportedClassVersionError: com/simple/app/controller/MainController : Unsupported major.minor version 51.0
	at java.lang.ClassLoader.defineClass1(Native Method)
	at java.lang.ClassLoader.defineClassCond(ClassLoader.java:631)
	at java.lang.ClassLoader.defineClass(ClassLoader.java:615)
	at java.security.SecureClassLoader.defineClass(SecureClassLoader.java:141)
	at java.net.URLClassLoader.defineClass(URLClassLoader.java:283)
	at java.net.URLClassLoader.access$000(URLClassLoader.java:58)
	at java.net.URLClassLoader$1.run(URLClassLoader.java:197)
	at java.security.AccessController.doPrivileged(Native Method)
	at java.net.URLClassLoader.findClass(URLClassLoader.java:190)
	at org.mortbay.jetty.webapp.WebAppClassLoader.loadClass(WebAppClassLoader.java:392)
	at org.mortbay.jetty.webapp.WebAppClassLoader.loadClass(WebAppClassLoader.java:363)
	at org.springframework.util.ClassUtils.forName(ClassUtils.java:247)
	at org.springframework.beans.factory.support.AbstractBeanDefinition.resolveBeanClass(AbstractBeanDefinition.java:395)
	at org.springframework.beans.factory.support.AbstractBeanFactory.doResolveBeanClass(AbstractBeanFactory.java:1348)
	at org.springframework.beans.factory.support.AbstractBeanFactory.resolveBeanClass(AbstractBeanFactory.java:1319)
	... 31 more
2015-05-30 13:10:33 [ main ] FrameworkServlet 'simple': initialization started
2015-05-30 13:10:33 [ main ] Refreshing WebApplicationContext for namespace 'simple-servlet': startup date [Sat May 30 13:10:33 CST 2015]; root of context hierarchy
2015-05-30 13:10:33 [ main ] Loading XML bean definitions from ServletContext resource [/WEB-INF/simple-servlet.xml]
2015-05-30 13:10:33 [ main ] JSR-330 'javax.inject.Inject' annotation found and supported for autowiring
2015-05-30 13:10:33 [ main ] Context initialization failed
org.springframework.beans.factory.CannotLoadBeanClassException: Error loading class [com.simple.app.controller.MainController] for bean with name 'mainController' defined in file [F:\workspace\myblog\target\classes\com\simple\app\controller\MainController.class]: problem with class file or dependent class; nested exception is java.lang.UnsupportedClassVersionError: com/simple/app/controller/MainController : Unsupported major.minor version 51.0
	at org.springframework.beans.factory.support.AbstractBeanFactory.resolveBeanClass(AbstractBeanFactory.java:1330)
	at org.springframework.beans.factory.support.AbstractAutowireCapableBeanFactory.predictBeanType(AbstractAutowireCapableBeanFactory.java:594)
	at org.springframework.beans.factory.support.AbstractBeanFactory.isFactoryBean(AbstractBeanFactory.java:1396)
	at org.springframework.beans.factory.support.AbstractBeanFactory.isFactoryBean(AbstractBeanFactory.java:959)
	at org.springframework.beans.factory.support.DefaultListableBeanFactory.preInstantiateSingletons(DefaultListableBeanFactory.java:683)
	at org.springframework.context.support.AbstractApplicationContext.finishBeanFactoryInitialization(AbstractApplicationContext.java:760)
	at org.springframework.context.support.AbstractApplicationContext.refresh(AbstractApplicationContext.java:482)
	at org.springframework.web.servlet.FrameworkServlet.configureAndRefreshWebApplicationContext(FrameworkServlet.java:658)
	at org.springframework.web.servlet.FrameworkServlet.createWebApplicationContext(FrameworkServlet.java:624)
	at org.springframework.web.servlet.FrameworkServlet.createWebApplicationContext(FrameworkServlet.java:672)
	at org.springframework.web.servlet.FrameworkServlet.initWebApplicationContext(FrameworkServlet.java:543)
	at org.springframework.web.servlet.FrameworkServlet.initServletBean(FrameworkServlet.java:484)
	at org.springframework.web.servlet.HttpServletBean.init(HttpServletBean.java:136)
	at javax.servlet.GenericServlet.init(GenericServlet.java:241)
	at org.mortbay.jetty.servlet.ServletHolder.initServlet(ServletHolder.java:440)
	at org.mortbay.jetty.servlet.ServletHolder.doStart(ServletHolder.java:263)
	at org.mortbay.component.AbstractLifeCycle.start(AbstractLifeCycle.java:50)
	at org.mortbay.jetty.servlet.ServletHandler.initialize(ServletHandler.java:736)
	at org.mortbay.jetty.servlet.Context.startContext(Context.java:140)
	at org.mortbay.jetty.webapp.WebAppContext.startContext(WebAppContext.java:1282)
	at org.mortbay.jetty.handler.ContextHandler.doStart(ContextHandler.java:518)
	at org.mortbay.jetty.webapp.WebAppContext.doStart(WebAppContext.java:499)
	at org.mortbay.jetty.plugin.Jetty6PluginWebAppContext.doStart(Jetty6PluginWebAppContext.java:115)
	at org.mortbay.component.AbstractLifeCycle.start(AbstractLifeCycle.java:50)
	at org.mortbay.jetty.handler.HandlerCollection.doStart(HandlerCollection.java:152)
	at org.mortbay.jetty.handler.ContextHandlerCollection.doStart(ContextHandlerCollection.java:156)
	at org.mortbay.component.AbstractLifeCycle.start(AbstractLifeCycle.java:50)
	at org.mortbay.jetty.handler.HandlerCollection.doStart(HandlerCollection.java:152)
	at org.mortbay.component.AbstractLifeCycle.start(AbstractLifeCycle.java:50)
	at org.mortbay.jetty.handler.HandlerWrapper.doStart(HandlerWrapper.java:130)
	at org.mortbay.jetty.Server.doStart(Server.java:224)
	at org.mortbay.component.AbstractLifeCycle.start(AbstractLifeCycle.java:50)
	at org.mortbay.jetty.plugin.Jetty6PluginServer.start(Jetty6PluginServer.java:132)
	at org.mortbay.jetty.plugin.AbstractJettyMojo.startJetty(AbstractJettyMojo.java:454)
	at org.mortbay.jetty.plugin.AbstractJettyMojo.execute(AbstractJettyMojo.java:396)
	at org.mortbay.jetty.plugin.AbstractJettyRunMojo.execute(AbstractJettyRunMojo.java:210)
	at org.mortbay.jetty.plugin.Jetty6RunMojo.execute(Jetty6RunMojo.java:184)
	at org.apache.maven.plugin.DefaultBuildPluginManager.executeMojo(DefaultBuildPluginManager.java:132)
	at org.apache.maven.lifecycle.internal.MojoExecutor.execute(MojoExecutor.java:208)
	at org.apache.maven.lifecycle.internal.MojoExecutor.execute(MojoExecutor.java:153)
	at org.apache.maven.lifecycle.internal.MojoExecutor.execute(MojoExecutor.java:145)
	at org.apache.maven.lifecycle.internal.LifecycleModuleBuilder.buildProject(LifecycleModuleBuilder.java:116)
	at org.apache.maven.lifecycle.internal.LifecycleModuleBuilder.buildProject(LifecycleModuleBuilder.java:80)
	at org.apache.maven.lifecycle.internal.builder.singlethreaded.SingleThreadedBuilder.build(SingleThreadedBuilder.java:51)
	at org.apache.maven.lifecycle.internal.LifecycleStarter.execute(LifecycleStarter.java:120)
	at org.apache.maven.DefaultMaven.doExecute(DefaultMaven.java:347)
	at org.apache.maven.DefaultMaven.execute(DefaultMaven.java:154)
	at org.apache.maven.cli.MavenCli.execute(MavenCli.java:582)
	at org.apache.maven.cli.MavenCli.doMain(MavenCli.java:214)
	at org.apache.maven.cli.MavenCli.main(MavenCli.java:158)
	at sun.reflect.NativeMethodAccessorImpl.invoke0(Native Method)
	at sun.reflect.NativeMethodAccessorImpl.invoke(NativeMethodAccessorImpl.java:39)
	at sun.reflect.DelegatingMethodAccessorImpl.invoke(DelegatingMethodAccessorImpl.java:25)
	at java.lang.reflect.Method.invoke(Method.java:597)
	at org.codehaus.plexus.classworlds.launcher.Launcher.launchEnhanced(Launcher.java:289)
	at org.codehaus.plexus.classworlds.launcher.Launcher.launch(Launcher.java:229)
	at org.codehaus.plexus.classworlds.launcher.Launcher.mainWithExitCode(Launcher.java:415)
	at org.codehaus.plexus.classworlds.launcher.Launcher.main(Launcher.java:356)
Caused by: java.lang.UnsupportedClassVersionError: com/simple/app/controller/MainController : Unsupported major.minor version 51.0
	at java.lang.ClassLoader.defineClass1(Native Method)
	at java.lang.ClassLoader.defineClassCond(ClassLoader.java:631)
	at java.lang.ClassLoader.defineClass(ClassLoader.java:615)
	at java.security.SecureClassLoader.defineClass(SecureClassLoader.java:141)
	at java.net.URLClassLoader.defineClass(URLClassLoader.java:283)
	at java.net.URLClassLoader.access$000(URLClassLoader.java:58)
	at java.net.URLClassLoader$1.run(URLClassLoader.java:197)
	at java.security.AccessController.doPrivileged(Native Method)
	at java.net.URLClassLoader.findClass(URLClassLoader.java:190)
	at org.mortbay.jetty.webapp.WebAppClassLoader.loadClass(WebAppClassLoader.java:392)
	at org.mortbay.jetty.webapp.WebAppClassLoader.loadClass(WebAppClassLoader.java:363)
	at org.springframework.util.ClassUtils.forName(ClassUtils.java:247)
	at org.springframework.beans.factory.support.AbstractBeanDefinition.resolveBeanClass(AbstractBeanDefinition.java:395)
	at org.springframework.beans.factory.support.AbstractBeanFactory.doResolveBeanClass(AbstractBeanFactory.java:1348)
	at org.springframework.beans.factory.support.AbstractBeanFactory.resolveBeanClass(AbstractBeanFactory.java:1319)
	... 57 more
2015-05-30 13:15:35 [ main ] FrameworkServlet 'simple': initialization started
2015-05-30 13:15:35 [ main ] Refreshing WebApplicationContext for namespace 'simple-servlet': startup date [Sat May 30 13:15:35 CST 2015]; root of context hierarchy
2015-05-30 13:15:35 [ main ] Loading XML bean definitions from ServletContext resource [/WEB-INF/simple-servlet.xml]
2015-05-30 13:15:35 [ main ] JSR-330 'javax.inject.Inject' annotation found and supported for autowiring
2015-05-30 13:15:35 [ main ] Mapped URL path [/index] onto handler 'mainController'
2015-05-30 13:15:35 [ main ] Mapped URL path [/index.*] onto handler 'mainController'
2015-05-30 13:15:35 [ main ] Mapped URL path [/index/] onto handler 'mainController'
2015-05-30 13:15:35 [ main ] Mapped URL path [/themes/**] onto handler 'org.springframework.web.servlet.resource.ResourceHttpRequestHandler#0'
2015-05-30 13:15:35 [ main ] Mapped URL path [/scripts/**] onto handler 'org.springframework.web.servlet.resource.ResourceHttpRequestHandler#1'
2015-05-30 13:15:35 [ main ] Mapped URL path [/styles/**] onto handler 'org.springframework.web.servlet.resource.ResourceHttpRequestHandler#2'
2015-05-30 13:15:35 [ main ] Mapped URL path [/images/**] onto handler 'org.springframework.web.servlet.resource.ResourceHttpRequestHandler#3'
2015-05-30 13:15:35 [ main ] Mapped URL path [/**] onto handler 'org.springframework.web.servlet.resource.DefaultServletHttpRequestHandler#0'
2015-05-30 13:15:35 [ main ] FrameworkServlet 'simple': initialization completed in 572 ms
2015-05-30 13:21:50 [ main ] FrameworkServlet 'simple': initialization started
2015-05-30 13:21:50 [ main ] Refreshing WebApplicationContext for namespace 'simple-servlet': startup date [Sat May 30 13:21:50 CST 2015]; root of context hierarchy
2015-05-30 13:21:50 [ main ] Loading XML bean definitions from ServletContext resource [/WEB-INF/simple-servlet.xml]
2015-05-30 13:21:50 [ main ] JSR-330 'javax.inject.Inject' annotation found and supported for autowiring
2015-05-30 13:21:50 [ main ] Mapped URL path [/index] onto handler 'mainController'
2015-05-30 13:21:50 [ main ] Mapped URL path [/index.*] onto handler 'mainController'
2015-05-30 13:21:50 [ main ] Mapped URL path [/index/] onto handler 'mainController'
2015-05-30 13:21:50 [ main ] Mapped URL path [/themes/**] onto handler 'org.springframework.web.servlet.resource.ResourceHttpRequestHandler#0'
2015-05-30 13:21:51 [ main ] Mapped URL path [/scripts/**] onto handler 'org.springframework.web.servlet.resource.ResourceHttpRequestHandler#1'
2015-05-30 13:21:51 [ main ] Mapped URL path [/styles/**] onto handler 'org.springframework.web.servlet.resource.ResourceHttpRequestHandler#2'
2015-05-30 13:21:51 [ main ] Mapped URL path [/images/**] onto handler 'org.springframework.web.servlet.resource.ResourceHttpRequestHandler#3'
2015-05-30 13:21:51 [ main ] Mapped URL path [/**] onto handler 'org.springframework.web.servlet.resource.DefaultServletHttpRequestHandler#0'
2015-05-30 13:21:51 [ main ] FrameworkServlet 'simple': initialization completed in 595 ms
